[2016-04-03 11:23:21] START
[2016-04-03 11:31:23] EDIT test/models/db.py: 4
[2016-04-03 11:32:05] EDIT test/controllers/default.py: 1
[2016-04-03 11:32:56] EDIT test/models/db.py: 0
[2016-04-03 11:33:04] EDIT test/controllers/default.py: 0
[2016-04-03 11:34:42] EDIT test/models/db.py: 0
[2016-04-03 11:36:00] EDIT test/models/db.py: 0
[2016-04-03 11:36:56] EDIT test/models/db.py: 1
[2016-04-03 11:37:14] EDIT test/models/db.py: 0
[2016-04-03 11:39:08] EDIT test/models/db.py: 1
[2016-04-03 11:42:11] EDIT test/models/db.py: 0
[2016-04-03 11:42:32] EDIT test/models/db.py: 0
[2016-04-03 11:42:56] EDIT test/models/db.py: 0
[2016-04-03 11:43:10] EDIT test/models/db.py: 0
[2016-04-03 11:43:43] EDIT test/models/db.py: 0
[2016-04-03 11:53:23] CREATE db1.py: 0
[2016-04-03 12:07:37] EDIT test/models/db.py: 2
[2016-04-03 12:07:52] EDIT test/models/db.py: 0
[2016-04-03 12:10:29] EDIT test/models/db.py: 1
[2016-04-03 12:10:51] EDIT test/models/db.py: 1
[2016-04-03 12:11:18] EDIT test/models/db.py: 0
[2016-04-03 12:12:11] EDIT test/models/db.py: 1
[2016-04-03 12:12:31] EDIT test/models/db.py: -1
[2016-04-03 12:12:40] EDIT test/models/db.py: 0
[2016-04-03 12:12:46] EDIT test/models/db.py: 0
[2016-04-03 12:34:33] EDIT test/models/db1.py: 9
[2016-04-03 12:48:59] EDIT test/models/db1.py: 16
[2016-04-03 12:50:52] EDIT test/models/db1.py: 9
[2016-04-03 14:32:42] EDIT test/models/menu.py: 1
[2016-04-03 14:33:06] EDIT test/models/db1.py: 0
[2016-04-03 14:33:41] EDIT test/models/db1.py: 0
[2016-04-03 14:34:20] EDIT test/models/db1.py: 0
[2016-04-03 14:34:30] EDIT test/models/db1.py: 0
[2016-04-03 14:35:27] EDIT test/controllers/default.py: 0
[2016-04-03 14:35:32] EDIT test/controllers/default.py: 0
[2016-04-03 14:37:22] CREATE default/problem.html: 0
[2016-04-03 14:41:41] EDIT test/controllers/default.py: 12
[2016-04-03 14:45:03] EDIT test/views/default/problem.html: 2
[2016-04-03 14:45:38] EDIT test/models/menu.py: 0
[2016-04-03 14:46:03] EDIT test/models/menu.py: 0
[2016-04-03 14:46:41] EDIT test/controllers/default.py: 1
[2016-04-03 14:46:57] EDIT test/controllers/default.py: 2
[2016-04-03 14:47:23] EDIT test/views/default/problem.html: 1
[2016-04-03 14:48:11] EDIT test/views/default/problem.html: 2
[2016-04-03 14:48:58] EDIT test/models/menu.py: 0
[2016-04-03 14:51:45] EDIT test/views/default/problem.html: 12
[2016-04-03 14:52:13] EDIT test/controllers/default.py: -3
[2016-04-03 14:52:30] EDIT test/models/menu.py: 0
[2016-04-03 14:53:31] EDIT test/models/menu.py: -1
[2016-04-03 14:55:09] EDIT test/views/default/index.html: -15
[2016-04-03 14:56:04] EDIT test/views/default/problem.html: 0
[2016-04-03 14:56:20] EDIT test/views/default/index.html: 1
[2016-04-03 14:59:41] EDIT test/views/default/index.html: 1
[2016-04-03 15:00:26] EDIT test/views/default/index.html: 0
[2016-04-03 15:00:53] EDIT test/views/default/problem.html: 0
[2016-04-03 15:03:55] EDIT test/controllers/default.py: 2
[2016-04-03 15:04:48] EDIT test/controllers/default.py: 0
[2016-04-03 15:05:13] EDIT test/views/default/problem.html: -13
[2016-04-03 15:06:46] EDIT test/models/db1.py: 0
[2016-04-03 15:07:00] EDIT test/views/default/index.html: -3
[2016-04-03 15:08:44] EDIT test/controllers/default.py: 1
[2016-04-03 15:09:23] EDIT test/controllers/default.py: 3
[2016-04-03 15:10:12] EDIT test/models/menu.py: 1
[2016-04-03 15:10:27] EDIT test/models/menu.py: 0
[2016-04-03 15:10:45] EDIT test/models/menu.py: -1
[2016-04-03 15:12:11] EDIT test/models/db1.py: 0
[2016-04-03 15:13:31] EDIT test/views/default/index.html: -17
[2016-04-03 15:13:49] EDIT test/views/default/index.html: -15
[2016-04-03 21:01:54] EDIT test/controllers/default.py: 5
[2016-04-03 21:02:31] EDIT test/controllers/default.py: 0
[2016-04-03 21:03:17] EDIT test/controllers/default.py: 0
[2016-04-03 21:04:18] EDIT test/controllers/default.py: 0
[2016-04-03 21:05:27] EDIT test/controllers/default.py: 0
[2016-04-04 14:41:11] EDIT test/controllers/default.py: 12
[2016-04-04 14:44:54] EDIT test/controllers/default.py: 3
[2016-04-04 14:46:03] EDIT test/models/menu.py: 1
[2016-04-04 14:48:03] EDIT test/controllers/default.py: 0
[2016-04-04 14:48:17] EDIT test/controllers/default.py: 0
[2016-04-04 14:50:14] EDIT test/controllers/default.py: 0
[2016-04-04 14:52:22] EDIT test/controllers/default.py: 0
[2016-04-04 14:56:18] EDIT test/models/db1.py: 4
[2016-04-04 14:57:31] EDIT test/models/db1.py: -4
[2016-04-04 14:58:57] EDIT test/controllers/default.py: -2
[2016-04-04 14:59:25] EDIT test/controllers/default.py: 2
[2016-04-04 15:09:41] EDIT test/views/default/problem.html: 1
[2016-04-04 15:10:06] EDIT test/views/default/problem.html: -1
[2016-04-04 15:16:34] EDIT test/controllers/default.py: 0
[2016-04-04 15:17:11] EDIT test/controllers/default.py: 0
[2016-04-04 15:29:46] EDIT test/models/db1.py: 1
[2016-04-04 15:29:52] EDIT test/models/db1.py: 0
[2016-04-04 15:30:42] EDIT test/models/db1.py: 3
[2016-04-04 15:31:37] EDIT test/controllers/default.py: 0
[2016-04-04 15:32:35] EDIT test/models/db1.py: 14
[2016-04-04 15:32:56] EDIT test/controllers/default.py: 11
[2016-04-04 15:33:30] EDIT test/views/default/problem.html: 1
[2016-04-04 15:34:20] EDIT test/controllers/default.py: -11
[2016-04-04 15:34:29] EDIT test/models/db1.py: -14
[2016-04-04 15:34:52] EDIT test/models/db.py: 38
[2016-04-04 15:35:17] EDIT test/models/db.py: -38
[2016-04-04 15:35:22] EDIT test/models/db1.py: 0
[2016-04-04 15:45:40] EDIT test/controllers/default.py: 0
[2016-04-04 15:46:32] EDIT test/controllers/default.py: 0
[2016-04-04 15:47:05] EDIT test/controllers/default.py: 0
[2016-04-04 15:48:10] EDIT test/controllers/default.py: 3
[2016-04-04 15:48:43] EDIT test/models/menu.py: 1
[2016-04-04 15:49:01] EDIT test/controllers/default.py: 0
[2016-04-04 15:49:27] CREATE default/display.html: 0
[2016-04-04 15:50:37] DELETE test/views/default/display.html: -3
[2016-04-04 15:50:50] EDIT test/controllers/default.py: 0
[2016-04-04 15:51:05] EDIT test/controllers/default.py: 0
[2016-04-04 15:51:08] CREATE default/display.html: 0
[2016-04-04 15:51:18] EDIT test/views/default/display.html: 1
[2016-04-04 15:51:41] EDIT test/controllers/default.py: 0
[2016-04-04 15:51:56] DELETE test/views/default/display.html: -4
[2016-04-04 15:54:25] EDIT test/controllers/default.py: 0
[2016-04-04 15:56:31] EDIT test/controllers/default.py: 0
[2016-04-04 16:24:12] EDIT test/views/default/problem.html: -1
[2016-04-04 17:48:00] EDIT test/controllers/default.py: 0
[2016-04-04 17:48:17] EDIT test/views/default/problem.html: 0
[2016-04-04 17:54:35] EDIT test/controllers/default.py: 0
[2016-04-04 17:55:57] EDIT test/controllers/default.py: 1
[2016-04-04 18:04:38] EDIT test/controllers/default.py: 1
[2016-04-04 21:09:18] EDIT test/models/db1.py: 0
[2016-04-04 21:11:56] EDIT test/models/db1.py: 0
[2016-04-04 21:13:01] EDIT test/controllers/default.py: 0
[2016-04-04 21:14:41] EDIT test/controllers/default.py: 0
[2016-04-04 21:22:29] EDIT test/controllers/default.py: 10
[2016-04-04 21:24:44] EDIT test/controllers/default.py: -1
[2016-04-04 21:25:22] EDIT test/controllers/default.py: 0
[2016-04-04 21:34:41] EDIT test/models/db1.py: 1
[2016-04-04 21:35:47] EDIT test/models/db1.py: 4
[2016-04-04 21:47:30] EDIT test/controllers/default.py: 0
[2016-04-04 21:54:29] EDIT test/controllers/default.py: 2
[2016-04-04 21:55:08] EDIT test/models/db1.py: 0
[2016-04-04 21:56:11] EDIT test/controllers/default.py: 0
[2016-04-04 21:56:30] EDIT test/controllers/default.py: 0
[2016-04-04 21:56:57] EDIT test/controllers/default.py: 0
[2016-04-04 21:58:32] EDIT test/controllers/default.py: 0
[2016-04-04 21:58:48] EDIT test/controllers/default.py: 0
[2016-04-04 21:59:13] EDIT test/controllers/default.py: 0
[2016-04-04 21:59:25] EDIT test/controllers/default.py: 0
[2016-04-04 22:02:22] EDIT test/controllers/default.py: 0
[2016-04-04 22:03:50] EDIT test/controllers/default.py: 0
[2016-04-04 22:05:00] EDIT test/controllers/default.py: 0
[2016-04-04 22:06:07] EDIT test/controllers/default.py: 0
[2016-04-04 22:07:38] EDIT test/controllers/default.py: 0
[2016-04-04 22:07:57] EDIT test/controllers/default.py: 0
[2016-04-04 22:12:35] EDIT test/controllers/default.py: 0
[2016-04-04 22:33:50] EDIT test/controllers/default.py: 4
[2016-04-04 22:35:25] EDIT test/controllers/default.py: 1
[2016-04-04 22:43:27] EDIT test/controllers/default.py: 0
[2016-04-04 22:44:45] EDIT test/controllers/default.py: 0
[2016-04-05 14:24:32] EDIT test/controllers/default.py: 2
[2016-04-05 14:25:11] EDIT test/controllers/default.py: 0
[2016-04-05 14:27:24] EDIT test/controllers/default.py: 2
[2016-04-05 14:28:49] EDIT test/controllers/default.py: 3
[2016-04-05 14:29:35] CREATE default/home.html: 0
[2016-04-05 14:29:40] EDIT test/views/default/home.html: 14
[2016-04-05 14:30:30] EDIT test/models/menu.py: 1
[2016-04-05 14:30:55] EDIT test/controllers/default.py: 0
[2016-04-05 14:48:58] EDIT test/controllers/default.py: 2
[2016-04-05 14:49:07] EDIT test/controllers/default.py: 1
[2016-04-05 14:49:24] CREATE default/viewelectrical.html: 0
[2016-04-05 14:51:39] EDIT test/views/default/viewelectrical.html: 16
[2016-04-05 14:52:43] EDIT test/views/default/viewelectrical.html: 0
[2016-04-05 14:54:13] EDIT test/views/default/viewelectrical.html: 2
[2016-04-05 14:54:38] EDIT test/models/menu.py: 0
[2016-04-05 14:56:12] EDIT test/views/default/viewelectrical.html: -8
[2016-04-05 14:57:27] EDIT test/controllers/default.py: 0
[2016-04-05 14:58:39] EDIT test/controllers/default.py: -3
[2016-04-05 14:58:50] EDIT test/controllers/default.py: 3
[2016-04-05 14:59:23] EDIT test/views/default/viewelectrical.html: -1
[2016-04-05 15:00:40] DELETE test/views/default/viewelectrical.html: -12
[2016-04-05 15:01:27] CREATE default/viewelectrical.html: 0
[2016-04-05 15:02:32] EDIT test/views/default/viewelectrical.html: 10
[2016-04-05 15:03:29] EDIT test/views/default/viewelectrical.html: 0
[2016-04-05 15:04:08] EDIT test/views/default/viewelectrical.html: 0
[2016-04-05 15:05:28] EDIT test/models/menu.py: -1
[2016-04-05 15:09:02] EDIT test/models/menu.py: -30
[2016-04-05 15:09:16] EDIT test/models/menu.py: 0
[2016-04-05 15:10:03] EDIT test/controllers/default.py: 2
[2016-04-05 15:10:27] CREATE default/viewproblem.html: 0
[2016-04-05 15:11:06] EDIT test/views/default/viewproblem.html: 5
[2016-04-05 15:11:35] EDIT test/models/menu.py: 0
[2016-04-05 15:11:41] EDIT test/models/menu.py: 0
[2016-04-05 15:11:51] EDIT test/models/menu.py: -10
[2016-04-05 15:12:44] EDIT test/controllers/default.py: 0
[2016-04-05 15:12:56] EDIT test/models/menu.py: 0
[2016-04-05 15:14:07] EDIT test/controllers/default.py: 0
[2016-04-05 15:14:43] EDIT test/models/menu.py: -1
[2016-04-05 15:16:12] EDIT test/controllers/default.py: 3
[2016-04-05 15:18:02] EDIT test/controllers/default.py: 6
[2016-04-05 15:21:06] EDIT test/controllers/default.py: 9
[2016-04-05 15:21:30] EDIT test/views/default/viewproblem.html: 0
[2016-04-05 15:22:04] CREATE default/viewwater.html: 0
[2016-04-05 15:22:53] CREATE default/viewwash.html: 0
[2016-04-05 15:23:00] EDIT test/views/default/viewwash.html: 11
[2016-04-05 15:23:07] CREATE default/viewother.html: 0
[2016-04-05 15:23:12] EDIT test/views/default/viewother.html: 11
[2016-04-05 15:24:17] EDIT test/models/menu.py: 0
[2016-04-05 15:28:58] EDIT test/views/default/index.html: 75
[2016-04-05 15:29:37] EDIT test/views/default/index.html: 0
[2016-04-05 15:29:44] EDIT test/views/default/home.html: 76
[2016-04-05 15:30:14] EDIT test/views/default/home.html: 1
[2016-04-05 15:30:47] EDIT test/views/default/home.html: 0
[2016-04-05 15:59:56] EDIT test/models/menu.py: -38
[2016-04-05 16:01:32] EDIT test/models/menu.py: -2
[2016-04-05 16:03:38] EDIT test/models/db1.py: 1
[2016-04-05 16:05:59] EDIT test/views/default/viewwash.html: 8
[2016-04-05 16:06:28] EDIT test/models/db1.py: 0
[2016-04-05 16:07:36] EDIT test/models/db1.py: 1
[2016-04-05 16:08:08] EDIT test/views/default/viewwash.html: 1
[2016-04-05 16:08:18] EDIT test/views/default/viewwash.html: -1
[2016-04-05 16:09:04] EDIT test/views/default/viewelectrical.html: 2
[2016-04-05 16:11:24] EDIT test/views/default/viewelectrical.html: 7
[2016-04-05 16:12:35] EDIT test/views/default/viewwater.html: 13
[2016-04-05 16:12:54] EDIT test/views/default/viewwater.html: 8
[2016-04-05 16:13:25] EDIT test/views/default/viewproblem.html: 0
[2016-04-05 16:13:36] EDIT test/views/default/problem.html: 0
[2016-04-05 16:14:43] EDIT test/views/default/viewother.html: 10
[2016-04-05 16:14:59] EDIT test/views/default/viewother.html: -1
[2016-04-05 16:18:24] EDIT test/controllers/default.py: 7
[2016-04-05 16:19:08] EDIT test/views/default/viewother.html: 0
[2016-04-05 16:19:29] EDIT test/views/default/viewother.html: 3
[2016-04-05 16:20:49] EDIT test/controllers/default.py: 0
[2016-04-05 16:21:05] EDIT test/controllers/default.py: 0
[2016-04-05 16:21:46] EDIT test/controllers/default.py: 0
[2016-04-05 16:23:57] EDIT test/controllers/default.py: 29
[2016-04-05 16:24:29] EDIT test/controllers/default.py: 0
[2016-04-05 16:27:17] EDIT test/views/default/problem.html: 1
[2016-04-05 16:28:26] EDIT test/controllers/default.py: 0
[2016-04-05 16:28:57] EDIT test/controllers/default.py: 12
[2016-04-05 16:29:08] EDIT test/controllers/default.py: 0
[2016-04-05 16:29:47] EDIT test/controllers/default.py: 2
[2016-04-05 16:29:58] CREATE default/moderate.html: 0
[2016-04-05 16:30:24] EDIT test/views/default/moderate.html: -1
[2016-04-05 16:31:06] EDIT test/controllers/default.py: 0
[2016-04-05 16:31:51] EDIT test/views/default/moderate.html: 6
[2016-04-05 16:32:02] EDIT test/controllers/default.py: 0
[2016-04-05 16:33:15] EDIT test/views/default/moderate.html: 0
[2016-04-05 16:36:23] EDIT test/controllers/default.py: 45
[2016-04-05 16:37:25] EDIT test/controllers/default.py: 0
[2016-04-05 16:38:26] EDIT test/controllers/default.py: 0
[2016-04-05 16:39:18] EDIT test/controllers/default.py: 0
[2016-04-05 16:39:34] EDIT test/controllers/default.py: 2
[2016-04-05 16:39:41] CREATE default/solve.html: 0
[2016-04-05 16:39:58] EDIT test/views/default/solve.html: -1
[2016-04-05 16:40:47] EDIT test/views/default/solve.html: 6
[2016-04-05 16:41:07] EDIT test/controllers/default.py: 0
[2016-04-05 16:42:07] EDIT test/models/menu.py: 0
[2016-04-05 16:43:24] EDIT test/views/default/solve.html: 0
[2016-04-05 16:45:46] EDIT test/controllers/default.py: 0
[2016-04-05 16:45:53] EDIT test/controllers/default.py: 0
[2016-04-05 16:46:27] EDIT test/controllers/default.py: 0
[2016-04-05 16:47:13] EDIT test/controllers/default.py: 0
[2016-04-05 16:48:31] EDIT test/controllers/default.py: 0
[2016-04-05 20:45:04] EDIT test/models/db.py: 6
[2016-04-05 21:05:08] EDIT test/models/db.py: 1
[2016-04-05 21:13:28] EDIT test/models/db.py: 1
[2016-04-05 21:17:04] EDIT test/models/menu.py: 0
[2016-04-05 21:38:39] EDIT test/models/db.py: 0
[2016-04-05 22:22:37] EDIT test/controllers/default.py: 4
[2016-04-05 22:23:10] EDIT test/models/menu.py: 1
[2016-04-05 22:24:11] EDIT test/controllers/default.py: 0
[2016-04-05 22:33:02] EDIT test/controllers/default.py: -4
[2016-04-05 22:33:10] EDIT test/models/menu.py: -1
[2016-04-05 22:33:25] EDIT test/models/db.py: 1
[2016-04-05 22:35:20] EDIT test/models/db.py: 3
[2016-04-05 22:38:51] EDIT test/models/db.py: 1
[2016-04-05 22:54:12] EDIT test/controllers/default.py: 3
[2016-04-05 22:54:35] EDIT test/controllers/default.py: 3
[2016-04-05 22:55:39] EDIT test/controllers/default.py: -3
[2016-04-05 22:56:13] EDIT test/models/db.py: -1
[2016-04-05 22:56:27] EDIT test/controllers/default.py: 3
[2016-04-05 22:58:08] EDIT test/controllers/default.py: 3
[2016-04-05 22:58:31] EDIT test/models/menu.py: 1
[2016-04-05 23:04:28] EDIT test/models/db.py: -3
[2016-04-05 23:10:55] EDIT test/models/db.py: 3
[2016-04-06 17:11:07] EDIT test/controllers/default.py: 0
[2016-04-06 17:18:29] EDIT test/controllers/default.py: 3
[2016-04-06 17:18:40] EDIT test/controllers/default.py: -1
[2016-04-06 17:18:45] EDIT test/controllers/default.py: 0
[2016-04-06 17:24:26] EDIT test/controllers/default.py: -2
[2016-04-06 17:24:54] EDIT test/models/db.py: 1
[2016-04-06 17:25:05] EDIT test/models/db.py: 0
[2016-04-06 17:25:34] EDIT test/models/db.py: 0
[2016-04-06 17:27:13] EDIT test/models/db.py: 0
[2016-04-06 17:27:31] EDIT test/models/db.py: 0
[2016-04-06 17:34:52] EDIT test/models/db.py: 0
[2016-04-06 23:05:40] EDIT test/models/db.py: 0
[2016-04-06 23:06:16] EDIT test/models/db.py: -1
[2016-04-06 23:07:27] EDIT test/models/db.py: 1
[2016-04-06 23:09:48] EDIT test/controllers/default.py: -3
[2016-04-18 17:40:01] EDIT final/views/default/home.html: 12
[2016-04-18 17:40:02] EDIT final/views/default/home.html: 0
[2016-04-18 17:43:50] EDIT final/views/default/home.html: -1
[2016-04-18 17:43:50] EDIT final/views/default/home.html: 0
[2016-04-18 17:45:24] EDIT final/views/default/home.html: 16
[2016-04-18 17:45:24] EDIT final/views/default/home.html: 0
[2016-04-18 17:48:58] EDIT final/views/default/home.html: 8
[2016-04-18 17:48:58] EDIT final/views/default/home.html: 0
[2016-04-18 17:50:09] EDIT final/views/layout.html: 0
[2016-04-18 17:50:10] EDIT final/views/layout.html: 0
[2016-04-18 17:51:02] EDIT final/views/default/home.html: 0
[2016-04-18 17:51:17] EDIT final/views/default/home.html: 0
[2016-04-18 17:52:07] EDIT final/views/default/home.html: 0
[2016-04-18 17:58:09] EDIT final/views/default/home.html: 1
[2016-04-18 17:58:09] EDIT final/views/default/home.html: 0
[2016-04-18 18:00:30] EDIT final/views/default/home.html: 1
[2016-04-18 18:00:30] EDIT final/views/default/home.html: 0
[2016-04-18 18:00:52] EDIT final/views/default/home.html: 0
[2016-04-18 18:05:46] EDIT final/views/default/home.html: 3
[2016-04-18 18:05:46] EDIT final/views/default/home.html: 0
[2016-04-18 18:05:46] EDIT final/views/default/home.html: 0
[2016-04-18 18:06:23] EDIT final/views/default/home.html: 0
[2016-04-18 18:06:23] EDIT final/views/default/home.html: 0
[2016-04-18 18:08:06] EDIT final/views/default/home.html: 3
[2016-04-18 18:08:06] EDIT final/views/default/home.html: 0
[2016-04-18 18:09:50] EDIT final/views/default/home.html: 13
[2016-04-18 18:09:50] EDIT final/views/default/home.html: 0
[2016-04-18 18:10:38] EDIT final/views/default/home.html: 0
[2016-04-18 18:10:38] EDIT final/views/default/home.html: 0
[2016-04-18 18:11:59] EDIT final/views/default/home.html: -2
[2016-04-18 18:12:00] EDIT final/views/default/home.html: 0
[2016-04-18 18:14:04] EDIT final/views/default/home.html: 13
[2016-04-18 18:14:04] EDIT final/views/default/home.html: 0
[2016-04-18 18:14:22] EDIT final/views/default/home.html: 0
[2016-04-18 18:14:22] EDIT final/views/default/home.html: 0
[2016-04-18 18:14:55] EDIT final/views/default/home.html: -11
[2016-04-18 18:14:56] EDIT final/views/default/home.html: 0
[2016-04-18 18:16:40] EDIT final/views/default/home.html: 13
[2016-04-18 18:16:40] EDIT final/views/default/home.html: 0
[2016-04-18 18:22:37] EDIT final/views/default/home.html: 0
[2016-04-18 18:22:37] EDIT final/views/default/home.html: 0
[2016-04-18 18:52:24] EDIT final/views/default/home.html: 0
[2016-04-18 18:52:24] EDIT final/views/default/home.html: 0
[2016-04-18 18:55:44] EDIT final/views/default/home.html: 33
[2016-04-18 18:55:45] EDIT final/views/default/home.html: 0
[2016-04-18 18:57:26] EDIT final/views/default/home.html: 0
[2016-04-18 18:57:26] EDIT final/views/default/home.html: 0
[2016-04-18 18:58:52] EDIT final/views/default/home.html: 0
[2016-04-18 18:58:52] EDIT final/views/default/home.html: 0
[2016-04-18 18:58:55] EDIT final/views/default/home.html: 0
[2016-04-18 18:58:55] EDIT final/views/default/home.html: 0
[2016-04-18 19:08:45] EDIT final/views/default/home.html: -3
[2016-04-18 19:08:45] EDIT final/views/default/home.html: 0
[2016-04-18 19:08:53] EDIT final/views/default/home.html: 33
[2016-04-18 19:08:53] EDIT final/views/default/home.html: 0
[2016-04-18 19:10:43] EDIT final/views/default/home.html: 0
[2016-04-18 19:11:31] EDIT final/views/default/home.html: -33
[2016-04-18 19:11:31] EDIT final/views/default/home.html: 0
[2016-04-18 19:11:46] EDIT final/views/default/home.html: 56
[2016-04-18 19:11:46] EDIT final/views/default/home.html: 0
[2016-04-18 19:20:37] EDIT final/views/default/home.html: -6
[2016-04-18 19:20:37] EDIT final/views/default/home.html: 0
[2016-04-18 19:23:27] EDIT final/views/default/home.html: 7
[2016-04-18 19:23:28] EDIT final/views/default/home.html: 0
[2016-04-18 19:26:14] EDIT final/views/default/home.html: -7
[2016-04-18 19:26:15] EDIT final/views/default/home.html: 0
[2016-04-18 19:27:03] EDIT final/views/default/home.html: -50
[2016-04-18 19:27:03] EDIT final/views/default/home.html: 0
[2016-04-18 19:52:00] EDIT final/views/default/home.html: 2
[2016-04-18 19:52:00] EDIT final/views/default/home.html: 0
[2016-04-18 19:54:12] EDIT final/views/default/home.html: 0
[2016-04-18 19:54:12] EDIT final/views/default/home.html: 0
[2016-04-18 19:59:32] EDIT final/views/default/home.html: 0
[2016-04-18 19:59:32] EDIT final/views/default/home.html: 0
[2016-04-18 19:59:58] EDIT final/views/default/home.html: 0
[2016-04-18 19:59:58] EDIT final/views/default/home.html: 0
[2016-04-18 21:27:01] EDIT final/views/default/home.html: 4
[2016-04-18 21:27:01] EDIT final/views/default/home.html: 0
[2016-04-18 21:27:48] EDIT final/views/default/home.html: 0
[2016-04-18 21:27:48] EDIT final/views/default/home.html: 0
[2016-04-18 21:27:48] EDIT final/views/default/home.html: 0
[2016-04-18 21:28:04] EDIT final/views/default/home.html: 0
[2016-04-18 21:28:04] EDIT final/views/default/home.html: 0
[2016-04-18 21:28:42] EDIT final/views/default/home.html: 0
[2016-04-18 21:28:42] EDIT final/views/default/home.html: 0
[2016-04-18 21:28:54] EDIT final/views/default/home.html: 0
[2016-04-18 21:28:54] EDIT final/views/default/home.html: 0
[2016-04-18 21:30:30] EDIT final/views/default/home.html: 4
[2016-04-18 21:30:30] EDIT final/views/default/home.html: 0
[2016-04-18 21:30:52] EDIT final/views/default/home.html: 0
[2016-04-18 21:30:52] EDIT final/views/default/home.html: 0
[2016-04-18 21:38:56] EDIT final/views/default/home.html: 3
[2016-04-18 21:38:56] EDIT final/views/default/home.html: 0
[2016-04-18 21:39:29] EDIT final/views/default/home.html: 0
[2016-04-18 21:39:44] EDIT final/views/default/home.html: 0
[2016-04-18 21:40:56] EDIT final/views/default/home.html: 0
[2016-04-18 21:40:57] EDIT final/views/default/home.html: 0
[2016-04-18 21:40:57] EDIT final/views/default/home.html: 0
[2016-04-18 21:42:12] EDIT final/views/default/home.html: 0
[2016-04-18 21:42:12] EDIT final/views/default/home.html: 0
[2016-04-18 21:43:41] EDIT final/views/default/home.html: 0
[2016-04-18 21:43:41] EDIT final/views/default/home.html: 0
[2016-04-18 21:43:49] EDIT final/views/default/home.html: 0
[2016-04-18 21:47:52] EDIT final/views/default/home.html: 0
[2016-04-18 21:47:53] EDIT final/views/default/home.html: 0
[2016-04-18 21:48:50] EDIT final/views/default/home.html: 0
[2016-04-18 21:48:50] EDIT final/views/default/home.html: 0
[2016-04-18 21:49:08] EDIT final/views/default/home.html: 0
[2016-04-18 21:49:08] EDIT final/views/default/home.html: 0
[2016-04-18 21:49:30] EDIT final/views/default/home.html: 0
[2016-04-18 21:49:30] EDIT final/views/default/home.html: 0
[2016-04-18 21:52:54] EDIT final/views/default/home.html: 4
[2016-04-18 21:52:55] EDIT final/views/default/home.html: 0
[2016-04-18 21:53:30] EDIT final/views/default/home.html: 3
[2016-04-18 21:53:31] EDIT final/views/default/home.html: 0
[2016-04-18 21:54:12] EDIT final/views/default/home.html: -3
[2016-04-18 21:54:32] EDIT final/views/default/home.html: 0
[2016-04-18 21:56:41] EDIT final/views/default/home.html: 7
[2016-04-18 21:56:41] EDIT final/views/default/home.html: 0
[2016-04-18 21:57:21] EDIT final/views/default/home.html: 0
[2016-04-18 21:57:22] EDIT final/views/default/home.html: 0
[2016-04-18 21:57:42] EDIT final/views/default/home.html: 0
[2016-04-18 21:57:42] EDIT final/views/default/home.html: 0
[2016-04-18 21:57:58] EDIT final/views/default/home.html: 0
[2016-04-18 21:57:58] EDIT final/views/default/home.html: 0
[2016-04-18 21:58:02] EDIT final/views/default/home.html: 0
[2016-04-18 21:58:02] EDIT final/views/default/home.html: 0
[2016-04-18 21:58:03] EDIT final/views/default/home.html: 0
[2016-04-18 21:58:09] EDIT final/views/default/home.html: 0
[2016-04-18 21:58:09] EDIT final/views/default/home.html: 0
[2016-04-18 21:58:09] EDIT final/views/default/home.html: 0
[2016-04-18 21:59:20] EDIT final/views/default/home.html: 0
[2016-04-18 21:59:20] EDIT final/views/default/home.html: 0
[2016-04-18 21:59:21] EDIT final/views/default/home.html: 0
[2016-04-18 21:59:54] EDIT final/views/default/home.html: 0
[2016-04-18 21:59:55] EDIT final/views/default/home.html: 0
[2016-04-18 22:00:20] EDIT final/views/default/home.html: 0
[2016-04-18 22:00:20] EDIT final/views/default/home.html: 0
[2016-04-18 22:00:35] EDIT final/views/default/home.html: 0
[2016-04-18 22:00:35] EDIT final/views/default/home.html: 0
[2016-04-18 22:01:23] EDIT final/views/default/home.html: 0
[2016-04-18 22:01:24] EDIT final/views/default/home.html: 0
[2016-04-18 22:01:31] EDIT final/views/default/home.html: 0
[2016-04-18 22:01:31] EDIT final/views/default/home.html: 0
[2016-04-18 22:01:42] EDIT final/views/default/home.html: 0
[2016-04-18 22:03:59] EDIT final/views/default/home.html: 0
[2016-04-18 22:03:59] EDIT final/views/default/home.html: 0
[2016-04-18 22:04:31] EDIT final/views/default/home.html: 0
[2016-04-18 22:04:31] EDIT final/views/default/home.html: 0
[2016-04-18 22:10:45] EDIT final/views/default/home.html: 0
[2016-04-18 22:10:46] EDIT final/views/default/home.html: 0
[2016-04-18 22:11:18] EDIT final/views/default/home.html: 0
[2016-04-18 22:11:18] EDIT final/views/default/home.html: 0
[2016-04-18 22:11:18] EDIT final/views/default/home.html: 0
[2016-04-18 22:21:11] EDIT final/views/layout.html: 8
[2016-04-18 22:21:12] EDIT final/views/layout.html: 0
[2016-04-18 22:21:43] EDIT final/views/layout.html: 0
[2016-04-18 22:22:01] EDIT final/views/layout.html: -8
[2016-04-18 22:22:01] EDIT final/views/layout.html: 0
[2016-04-18 22:25:53] EDIT final/views/layout.html: 8
[2016-04-18 22:25:53] EDIT final/views/layout.html: 0
[2016-04-18 22:30:41] EDIT final/views/layout.html: 11
[2016-04-18 22:30:52] EDIT final/views/layout.html: -7
[2016-04-18 22:30:52] EDIT final/views/layout.html: 0
[2016-04-18 22:30:52] EDIT final/views/layout.html: 0
[2016-04-18 22:30:53] EDIT final/views/layout.html: 0
[2016-04-18 22:31:18] EDIT final/views/layout.html: -1
[2016-04-18 22:31:19] EDIT final/views/layout.html: 0
[2016-04-18 22:33:02] EDIT final/views/layout.html: -11
[2016-04-18 22:33:02] EDIT final/views/layout.html: 0
[2016-04-18 22:33:47] EDIT final/views/default/home.html: 11
[2016-04-18 22:33:47] EDIT final/views/default/home.html: 0
[2016-04-18 22:35:41] EDIT final/views/default/home.html: 0
[2016-04-18 22:35:42] EDIT final/views/default/home.html: 0
[2016-04-18 22:38:04] EDIT final/views/default/home.html: 0
[2016-04-18 22:38:04] EDIT final/views/default/home.html: 0
[2016-04-18 22:38:04] EDIT final/views/default/home.html: 0
[2016-04-18 22:38:45] EDIT final/views/default/home.html: 0
[2016-04-18 22:38:59] EDIT final/views/default/home.html: 0
[2016-04-18 22:39:08] EDIT final/views/default/home.html: 0
[2016-04-18 23:22:38] EDIT final/views/default/home.html: 0
[2016-04-18 23:22:38] EDIT final/views/default/home.html: 0
[2016-04-18 23:22:39] EDIT final/views/default/home.html: 0
[2016-04-18 23:23:09] EDIT final/views/default/home.html: 0
[2016-04-18 23:23:09] EDIT final/views/default/home.html: 0
[2016-04-18 23:25:03] EDIT final/views/default/home.html: 0
[2016-04-18 23:25:03] EDIT final/views/default/home.html: 0
[2016-04-18 23:28:33] EDIT final/views/default/home.html: 0
[2016-04-18 23:28:34] EDIT final/views/default/home.html: 0
[2016-04-18 23:28:34] EDIT final/views/default/home.html: 0
[2016-04-18 23:28:47] EDIT final/views/default/home.html: 0
[2016-04-18 23:28:47] EDIT final/views/default/home.html: 0
[2016-04-18 23:28:48] EDIT final/views/default/home.html: 0
[2016-04-18 23:43:51] EDIT final/views/default/home.html: 0
[2016-04-18 23:43:52] EDIT final/views/default/home.html: 0
[2016-04-18 23:44:21] EDIT final/views/default/home.html: 0
[2016-04-18 23:44:21] EDIT final/views/default/home.html: 0
[2016-04-18 23:46:28] EDIT final/views/default/home.html: 0
[2016-04-18 23:46:28] EDIT final/views/default/home.html: 0
[2016-04-18 23:46:45] EDIT final/views/default/home.html: -5
[2016-04-18 23:46:45] EDIT final/views/default/home.html: 0
[2016-04-18 23:47:05] EDIT final/views/default/home.html: 5
[2016-04-18 23:47:06] EDIT final/views/default/home.html: 0
[2016-04-18 23:47:24] EDIT final/views/default/home.html: 0
[2016-04-18 23:47:25] EDIT final/views/default/home.html: 0
[2016-04-18 23:48:00] EDIT final/views/default/home.html: 1
[2016-04-18 23:48:00] EDIT final/views/default/home.html: 0
[2016-04-18 23:48:09] EDIT final/views/default/home.html: 0
[2016-04-18 23:48:09] EDIT final/views/default/home.html: 0
[2016-04-18 23:48:21] EDIT final/views/default/home.html: 0
[2016-04-18 23:48:21] EDIT final/views/default/home.html: 0
[2016-04-18 23:49:14] EDIT final/views/default/home.html: 0
[2016-04-18 23:49:14] EDIT final/views/default/home.html: 0
[2016-04-18 23:49:23] EDIT final/views/default/home.html: 0
[2016-04-18 23:49:23] EDIT final/views/default/home.html: 0
[2016-04-18 23:49:34] EDIT final/views/default/home.html: 0
[2016-04-18 23:49:34] EDIT final/views/default/home.html: 0
[2016-04-18 23:51:52] EDIT final/views/default/home.html: 1
[2016-04-18 23:52:13] EDIT final/views/default/home.html: 0
[2016-04-18 23:52:13] EDIT final/views/default/home.html: 0
[2016-04-18 23:56:17] EDIT final/views/default/home.html: 0
[2016-04-18 23:56:17] EDIT final/views/default/home.html: 0
[2016-04-18 23:56:41] EDIT final/views/default/home.html: 0
[2016-04-18 23:56:42] EDIT final/views/default/home.html: 0
[2016-04-19 00:02:20] EDIT final/views/default/home.html: 0
[2016-04-19 00:02:20] EDIT final/views/default/home.html: 0
[2016-04-19 00:02:34] EDIT final/views/default/home.html: 0
[2016-04-19 00:02:34] EDIT final/views/default/home.html: 0
[2016-04-19 00:03:46] EDIT final/views/default/home.html: 0
[2016-04-19 00:08:54] EDIT final/views/default/home.html: 0
[2016-04-19 00:08:55] EDIT final/views/default/home.html: 0
[2016-04-19 00:09:20] EDIT final/views/default/home.html: 0
[2016-04-19 00:09:20] EDIT final/views/default/home.html: 0
[2016-04-19 00:09:56] EDIT final/views/default/home.html: 0
[2016-04-19 00:09:57] EDIT final/views/default/home.html: 0
[2016-04-19 00:10:27] EDIT final/views/default/home.html: 0
[2016-04-19 00:10:27] EDIT final/views/default/home.html: 0
[2016-04-19 00:10:37] EDIT final/views/default/home.html: 0
[2016-04-19 00:10:37] EDIT final/views/default/home.html: 0
[2016-04-19 00:11:27] EDIT final/views/default/home.html: 0
[2016-04-19 00:11:27] EDIT final/views/default/home.html: 0
[2016-04-19 01:37:44] EDIT final/views/layout.html: 0
[2016-04-19 11:59:08] EDIT final/views/default/solve.html: 0
[2016-04-19 11:59:08] EDIT final/views/default/solve.html: 0
[2016-04-19 12:06:20] EDIT final/views/default/solve.html: 5
[2016-04-19 12:06:38] EDIT final/views/default/problem.html: 5
[2016-04-19 12:06:39] EDIT final/views/default/problem.html: 0
[2016-04-19 12:06:39] EDIT final/views/default/problem.html: 0
[2016-04-19 12:06:57] EDIT final/views/default/problem.html: 0
[2016-04-19 12:06:57] EDIT final/views/default/problem.html: 0
[2016-04-19 12:07:55] EDIT final/views/default/problem.html: 0
[2016-04-19 12:07:56] EDIT final/views/default/problem.html: 0
[2016-04-19 12:08:23] EDIT final/views/default/problem.html: 0
[2016-04-19 12:08:24] EDIT final/views/default/problem.html: 0
[2016-04-19 12:08:33] EDIT final/views/default/problem.html: 0
[2016-04-19 12:08:33] EDIT final/views/default/problem.html: 0
[2016-04-19 12:08:55] EDIT final/views/default/problem.html: 1
[2016-04-19 12:08:55] EDIT final/views/default/problem.html: 0
[2016-04-19 12:13:22] EDIT final/views/default/problem.html: 2
[2016-04-19 12:13:23] EDIT final/views/default/problem.html: 0
[2016-04-19 12:13:34] EDIT final/views/default/problem.html: 0
[2016-04-19 12:14:03] EDIT final/views/default/problem.html: 0
[2016-04-19 12:14:04] EDIT final/views/default/problem.html: 0
[2016-04-19 12:14:13] EDIT final/views/default/problem.html: 0
[2016-04-19 12:14:13] EDIT final/views/default/problem.html: 0
[2016-04-19 12:15:06] EDIT final/views/default/problem.html: 0
[2016-04-19 12:15:06] EDIT final/views/default/problem.html: 0
[2016-04-19 12:15:18] EDIT final/views/default/problem.html: 0
[2016-04-19 12:15:18] EDIT final/views/default/problem.html: 0
[2016-04-19 12:15:42] EDIT final/views/default/problem.html: 0
[2016-04-19 12:16:09] EDIT final/views/default/problem.html: 0
[2016-04-19 12:16:10] EDIT final/views/default/problem.html: 0
[2016-04-19 12:16:22] EDIT final/views/default/problem.html: 0
[2016-04-19 12:16:22] EDIT final/views/default/problem.html: 0
[2016-04-19 12:16:29] EDIT final/views/default/problem.html: 0
[2016-04-19 12:17:41] EDIT final/views/default/problem.html: 0
[2016-04-19 12:17:41] EDIT final/views/default/problem.html: 0
[2016-04-19 12:18:00] EDIT final/views/default/problem.html: -1
[2016-04-19 12:18:09] EDIT final/views/default/problem.html: 0
[2016-04-19 12:18:12] EDIT final/views/default/problem.html: 0
[2016-04-19 12:18:12] EDIT final/views/default/problem.html: 0
[2016-04-19 12:18:42] EDIT final/views/default/problem.html: 3
[2016-04-19 12:18:42] EDIT final/views/default/problem.html: 0
[2016-04-19 12:19:23] EDIT final/views/default/problem.html: 0
[2016-04-19 12:19:23] EDIT final/views/default/problem.html: 0
[2016-04-19 12:19:44] EDIT final/views/default/problem.html: 0
[2016-04-19 12:20:02] EDIT final/views/default/problem.html: 0
[2016-04-19 12:20:21] EDIT final/views/default/problem.html: 3
[2016-04-19 12:20:40] EDIT final/views/default/problem.html: 0
[2016-04-19 12:20:41] EDIT final/views/default/problem.html: 0
[2016-04-19 12:20:55] EDIT final/views/default/problem.html: 0
[2016-04-19 12:20:55] EDIT final/views/default/problem.html: 0
[2016-04-19 12:21:10] EDIT final/views/default/problem.html: 0
[2016-04-19 12:21:22] EDIT final/views/default/problem.html: 0
[2016-04-19 12:21:23] EDIT final/views/default/problem.html: 0
[2016-04-19 12:23:08] EDIT final/views/default/problem.html: 0
[2016-04-19 12:23:08] EDIT final/views/default/problem.html: 0
[2016-04-19 12:23:38] EDIT final/views/default/problem.html: 0
[2016-04-19 12:23:39] EDIT final/views/default/problem.html: 0
[2016-04-19 12:23:56] EDIT final/views/default/problem.html: 0
[2016-04-19 12:23:57] EDIT final/views/default/problem.html: 0
[2016-04-19 12:27:59] EDIT final/views/default/problem.html: 5
[2016-04-19 12:27:59] EDIT final/views/default/problem.html: 0
[2016-04-19 12:28:22] EDIT final/views/default/problem.html: 0
[2016-04-19 12:28:22] EDIT final/views/default/problem.html: 0
[2016-04-19 12:28:39] EDIT final/views/default/problem.html: 0
[2016-04-19 12:28:39] EDIT final/views/default/problem.html: 0
[2016-04-19 12:28:48] EDIT final/views/default/problem.html: 0
[2016-04-19 12:28:48] EDIT final/views/default/problem.html: 0
[2016-04-19 12:29:28] EDIT final/views/default/problem.html: -1
[2016-04-19 12:29:28] EDIT final/views/default/problem.html: 0
[2016-04-19 12:29:45] EDIT final/views/default/problem.html: 0
[2016-04-19 12:29:45] EDIT final/views/default/problem.html: 0
[2016-04-19 12:30:00] EDIT final/views/default/problem.html: 0
[2016-04-19 12:30:00] EDIT final/views/default/problem.html: 0
[2016-04-19 12:30:41] EDIT final/views/default/problem.html: 1
[2016-04-19 12:30:41] EDIT final/views/default/problem.html: 0
[2016-04-19 12:48:06] EDIT final/views/default/solve.html: 26
[2016-04-19 12:48:07] EDIT final/views/default/solve.html: 0
[2016-04-19 12:48:07] EDIT final/views/default/solve.html: 0
[2016-04-19 12:51:49] EDIT final/controllers/default.py: 0
[2016-04-19 12:52:21] CREATE default/electricals.html: 0
[2016-04-19 12:52:31] EDIT final/views/default/electricals.html: -1
[2016-04-19 13:25:39] EDIT final/views/default/electricals.html: 0
[2016-04-19 13:25:39] EDIT final/views/default/electricals.html: 0
[2016-04-19 13:26:07] EDIT final/views/default/solve.html: 0
[2016-04-19 13:26:07] EDIT final/views/default/solve.html: 0
[2016-04-19 15:12:31] EDIT final/views/default/viewproblem.html: 26
[2016-04-19 15:12:31] EDIT final/views/default/viewproblem.html: 0
[2016-04-19 15:13:28] EDIT final/views/default/viewproblem.html: 0
[2016-04-19 15:13:28] EDIT final/views/default/viewproblem.html: 0
[2016-04-19 15:14:56] EDIT final/views/default/moderate.html: 23
[2016-04-19 15:14:56] EDIT final/views/default/moderate.html: 0
[2016-04-19 15:15:03] EDIT final/views/default/moderate.html: 1
[2016-04-19 15:15:03] EDIT final/views/default/moderate.html: 0
[2016-04-19 15:23:11] CREATE default/solve_electrical.html: 0
[2016-04-19 15:23:35] EDIT final/views/default/solve_electrical.html: -1
[2016-04-19 15:23:35] EDIT final/views/default/solve_electrical.html: 0
[2016-04-19 15:24:20] DELETE final/views/default/solve_electrical.html: -2
[2016-04-19 15:24:34] CREATE default/solve_electrical.html: 0
[2016-04-19 15:25:16] EDIT final/views/default/solve_electrical.html: 0
[2016-04-19 15:25:22] EDIT final/views/default/solve_electrical.html: 0
[2016-04-19 15:25:23] EDIT final/views/default/solve_electrical.html: 0
[2016-04-19 15:25:50] EDIT final/views/default/solve_electrical.html: 0
[2016-04-19 15:25:51] EDIT final/views/default/solve_electrical.html: 0
[2016-04-19 15:26:15] CREATE default/solve_plumbing.html: 0
[2016-04-19 15:26:34] EDIT final/views/default/solve_plumbing.html: 0
[2016-04-19 15:26:34] EDIT final/views/default/solve_plumbing.html: 0
[2016-04-19 15:26:34] EDIT final/views/default/solve_plumbing.html: 0
[2016-04-19 15:26:35] EDIT final/views/default/solve_plumbing.html: 0
[2016-04-19 15:26:41] EDIT final/views/default/solve_plumbing.html: 0
[2016-04-19 15:26:41] EDIT final/views/default/solve_plumbing.html: 0
[2016-04-19 15:27:14] CREATE default/solve_washingmachine.html: 0
[2016-04-19 15:27:32] EDIT final/views/default/solve_washingmachine.html: 0
[2016-04-19 15:27:33] EDIT final/views/default/solve_washingmachine.html: 0
[2016-04-19 15:27:33] EDIT final/views/default/solve_washingmachine.html: 0
[2016-04-19 15:28:05] CREATE default/solve_others.html: 0
[2016-04-19 15:28:20] EDIT final/views/default/solve_others.html: 0
[2016-04-19 15:28:20] EDIT final/views/default/solve_others.html: 0
[2016-04-19 15:28:21] EDIT final/views/default/solve_others.html: 0
[2016-04-19 15:29:57] EDIT final/views/default/solve.html: 0
[2016-04-19 15:29:57] EDIT final/views/default/solve.html: 0
[2016-04-19 15:32:20] EDIT final/views/default/electricals.html: 3
[2016-04-19 15:32:21] EDIT final/views/default/electricals.html: 0
[2016-04-19 15:35:04] CREATE default/waters.html: 0
[2016-04-19 15:35:24] EDIT final/views/default/waters.html: 0
[2016-04-19 15:35:25] EDIT final/views/default/waters.html: 0
[2016-04-19 15:36:05] CREATE default/washingmachines.html: 0
[2016-04-19 15:36:18] EDIT final/views/default/washingmachines.html: 0
[2016-04-19 15:36:19] EDIT final/views/default/washingmachines.html: 0
[2016-04-19 15:36:55] CREATE default/others.html: 0
[2016-04-19 15:37:09] EDIT final/views/default/others.html: 0
[2016-04-19 15:37:10] EDIT final/views/default/others.html: 0
[2016-04-19 15:50:53] EDIT final/controllers/default.py: 2
[2016-04-19 15:50:53] EDIT final/controllers/default.py: 0
[2016-04-19 15:50:54] EDIT final/controllers/default.py: 0
[2016-04-19 15:51:00] CREATE default/info.html: 0
[2016-04-19 15:51:14] EDIT final/views/default/info.html: -1
[2016-04-19 15:51:14] EDIT final/views/default/info.html: 0
[2016-04-19 15:52:17] EDIT final/views/default/home.html: 0
[2016-04-19 15:52:17] EDIT final/views/default/home.html: 0
[2016-04-19 17:24:42] EDIT final/views/default/info.html: 58
[2016-04-19 17:24:42] EDIT final/views/default/info.html: 0
[2016-04-19 17:25:24] EDIT final/views/default/info.html: -1
[2016-04-19 17:25:36] EDIT final/views/default/info.html: 0
[2016-04-19 17:25:46] EDIT final/views/default/info.html: 0
[2016-04-19 17:25:46] EDIT final/views/default/info.html: 0
[2016-04-19 17:26:44] EDIT final/views/default/info.html: -28
[2016-04-19 17:26:44] EDIT final/views/default/info.html: 0
[2016-04-19 17:26:45] EDIT final/views/default/info.html: 0
[2016-04-19 17:27:32] EDIT final/views/default/info.html: 0
[2016-04-19 17:27:32] EDIT final/views/default/info.html: 0
[2016-04-19 17:27:49] EDIT final/views/default/info.html: 0
[2016-04-19 17:27:49] EDIT final/views/default/info.html: 0
[2016-04-19 17:28:17] EDIT final/views/default/info.html: 0
[2016-04-19 17:28:18] EDIT final/views/default/info.html: 0
[2016-04-19 17:28:28] EDIT final/views/default/info.html: 0
[2016-04-19 17:28:29] EDIT final/views/default/info.html: 0
[2016-04-19 17:28:39] EDIT final/views/default/info.html: 0
[2016-04-19 17:28:39] EDIT final/views/default/info.html: 0
[2016-04-19 17:28:59] EDIT final/views/default/info.html: 0
[2016-04-19 17:29:00] EDIT final/views/default/info.html: 0
[2016-04-19 17:29:05] EDIT final/views/default/info.html: 0
[2016-04-19 17:29:05] EDIT final/views/default/info.html: 0
[2016-04-19 17:29:17] EDIT final/views/default/info.html: 0
[2016-04-19 17:29:17] EDIT final/views/default/info.html: 0
[2016-04-19 17:29:18] EDIT final/views/default/info.html: 0
[2016-04-19 17:29:18] EDIT final/views/default/info.html: 0
[2016-04-19 17:30:17] EDIT final/views/default/info.html: 0
[2016-04-19 17:30:17] EDIT final/views/default/info.html: 0
[2016-04-19 17:40:08] EDIT final/views/default/info.html: 0
[2016-04-19 17:40:08] EDIT final/views/default/info.html: 0
[2016-04-19 17:40:13] EDIT final/views/default/info.html: 0
[2016-04-19 17:40:13] EDIT final/views/default/info.html: 0
[2016-04-19 17:40:36] EDIT final/views/default/info.html: 0
[2016-04-19 17:40:36] EDIT final/views/default/info.html: 0
[2016-04-19 17:40:57] EDIT final/views/default/info.html: 0
[2016-04-19 17:41:30] EDIT final/views/default/info.html: 0
[2016-04-19 17:41:31] EDIT final/views/default/info.html: 0
[2016-04-19 17:41:50] EDIT final/views/default/info.html: 0
[2016-04-19 17:41:50] EDIT final/views/default/info.html: 0
[2016-04-19 17:42:08] EDIT final/views/default/info.html: 0
[2016-04-19 17:42:08] EDIT final/views/default/info.html: 0
[2016-04-19 18:04:57] EDIT final/views/default/user.html: 5
[2016-04-19 18:04:58] EDIT final/views/default/user.html: 0
[2016-04-19 18:05:24] EDIT final/views/default/user.html: 0
[2016-04-19 18:05:24] EDIT final/views/default/user.html: 0
[2016-04-19 18:05:41] EDIT final/views/default/user.html: 0
[2016-04-19 18:05:41] EDIT final/views/default/user.html: 0
[2016-04-19 18:07:19] EDIT final/controllers/default.py: 1
[2016-04-19 18:07:19] EDIT final/controllers/default.py: 0
[2016-04-19 18:07:36] EDIT final/controllers/default.py: 1
[2016-04-19 18:07:36] EDIT final/controllers/default.py: 0
[2016-04-19 18:08:41] EDIT final/models/menu.py: 0
[2016-04-19 18:08:41] EDIT final/models/menu.py: 0
[2016-04-19 18:14:30] EDIT final/views/layout.html: 0
[2016-04-19 18:14:30] EDIT final/views/layout.html: 0
[2016-04-19 18:14:57] EDIT final/views/layout.html: 0
[2016-04-19 18:14:58] EDIT final/views/layout.html: 0
[2016-04-19 18:14:58] EDIT final/views/layout.html: 0
[2016-04-19 18:14:58] EDIT final/views/layout.html: 0
[2016-04-19 18:14:59] EDIT final/views/layout.html: 0
[2016-04-19 18:14:59] EDIT final/views/layout.html: 0
[2016-04-19 18:14:59] EDIT final/views/layout.html: 0
[2016-04-19 18:15:01] EDIT final/views/layout.html: 0
[2016-04-19 18:18:27] EDIT final/models/menu.py: 0
[2016-04-19 18:18:28] EDIT final/models/menu.py: 0
[2016-04-19 18:18:48] EDIT final/models/menu.py: 0
[2016-04-19 18:18:48] EDIT final/models/menu.py: 0
[2016-04-19 18:19:05] EDIT final/models/menu.py: 0
[2016-04-19 18:19:06] EDIT final/models/menu.py: 0
[2016-04-19 18:19:21] EDIT final/models/menu.py: 0
[2016-04-19 18:19:21] EDIT final/models/menu.py: 0
[2016-04-19 18:19:35] EDIT final/models/menu.py: 0
[2016-04-19 18:19:35] EDIT final/models/menu.py: 0
[2016-04-19 18:19:50] EDIT final/models/menu.py: 0
[2016-04-19 18:19:50] EDIT final/models/menu.py: 0
[2016-04-19 18:20:03] EDIT final/models/menu.py: 0
[2016-04-19 18:20:22] EDIT final/models/menu.py: 0
[2016-04-19 18:20:22] EDIT final/models/menu.py: 0
